{"level":"error","message":"    at Connection.query (/Users/kkhjmldn/training/node_app/mso/node_modules/mysql/lib/Connection.js:201:25) ,  Error: ER_PARSE_ERROR: You have an error in your SQL syntax; check the manual that corresponds to your MySQL server version for the right syntax to use near 'a.handled_by_user_id = 'USR20191210113955'\n            AND a.handled_by_user_id ' at line 12 on 2020-01-15, 18:18:01 "}
{"level":"error","message":"    at Connection.query (/Users/kkhjmldn/training/node_app/mso/node_modules/mysql/lib/Connection.js:201:25) ,  Error: ER_PARSE_ERROR: You have an error in your SQL syntax; check the manual that corresponds to your MySQL server version for the right syntax to use near 'a.handled_by_user_id = 'USR20191210113955'\n            AND a.handled_by_user_id ' at line 12 on 2020-01-15, 18:18:19 "}
{"level":"error","message":"    at Connection.query (/Users/kkhjmldn/training/node_app/mso/node_modules/mysql/lib/Connection.js:201:25) ,  Error: ER_PARSE_ERROR: You have an error in your SQL syntax; check the manual that corresponds to your MySQL server version for the right syntax to use near 'a.handled_by_user_id = 'USR20191210113955'\n            AND a.handled_by_user_id ' at line 12 on 2020-01-15, 18:18:19 "}
{"level":"error","message":"    at Connection.query (/Users/kkhjmldn/training/node_app/mso/node_modules/mysql/lib/Connection.js:201:25) ,  Error: ER_PARSE_ERROR: You have an error in your SQL syntax; check the manual that corresponds to your MySQL server version for the right syntax to use near 'a.handled_by_user_id = 'USR20191210113955'\n            AND a.handled_by_user_id ' at line 12 on 2020-01-15, 18:18:23 "}
{"level":"error","message":"    at Connection.query (/Users/kkhjmldn/training/node_app/mso/node_modules/mysql/lib/Connection.js:201:25) ,  Error: ER_PARSE_ERROR: You have an error in your SQL syntax; check the manual that corresponds to your MySQL server version for the right syntax to use near 'a.handled_by_user_id = 'USR20191210113955'\n            AND a.handled_by_user_id ' at line 12 on 2020-01-15, 18:18:23 "}
{"level":"error","message":"    at Object.approval (/Users/kkhjmldn/training/node_app/mso/control/model/notification-model.js:365:16) ,  Error: ER_NO_DEFAULT_FOR_FIELD: Field 'module_id' doesn't have a default value on 2020-01-17, 15:18:34 "}
{"level":"error","message":"    at Object.approval (/Users/kkhjmldn/training/node_app/mso/control/model/notification-model.js:365:16) ,  Error: ER_NO_DEFAULT_FOR_FIELD: Field 'module_id' doesn't have a default value on 2020-01-17, 15:18:34 "}
{"level":"error","message":"    at Object.approval (/Users/kkhjmldn/training/node_app/mso/control/model/notification-model.js:365:16) ,  Error: ER_NO_DEFAULT_FOR_FIELD: Field 'module_id' doesn't have a default value on 2020-01-17, 15:18:34 "}
{"level":"error","message":"    at Object.approval (/Users/kkhjmldn/training/node_app/mso/control/model/notification-model.js:365:16) ,  Error: ER_NO_DEFAULT_FOR_FIELD: Field 'module_id' doesn't have a default value on 2020-01-17, 15:20:26 "}
{"level":"error","message":"    at Object.approval (/Users/kkhjmldn/training/node_app/mso/control/model/notification-model.js:365:16) ,  Error: ER_NO_DEFAULT_FOR_FIELD: Field 'module_id' doesn't have a default value on 2020-01-17, 15:20:26 "}
{"level":"error","message":"    at Object.approval (/Users/kkhjmldn/training/node_app/mso/control/model/notification-model.js:365:16) ,  Error: ER_NO_DEFAULT_FOR_FIELD: Field 'module_id' doesn't have a default value on 2020-01-17, 15:20:26 "}
{"level":"error","message":"    at Object.approval (/Users/kkhjmldn/training/node_app/mso/control/model/notification-model.js:365:16) ,  Error: ER_NO_DEFAULT_FOR_FIELD: Field 'module_id' doesn't have a default value on 2020-01-17, 15:21:37 "}
{"level":"error","message":"    at Object.approval (/Users/kkhjmldn/training/node_app/mso/control/model/notification-model.js:365:16) ,  Error: ER_NO_DEFAULT_FOR_FIELD: Field 'module_id' doesn't have a default value on 2020-01-17, 15:21:37 "}
{"level":"error","message":"    at Object.approval (/Users/kkhjmldn/training/node_app/mso/control/model/notification-model.js:365:16) ,  Error: ER_NO_DEFAULT_FOR_FIELD: Field 'module_id' doesn't have a default value on 2020-01-17, 15:21:37 "}
{"level":"error","message":"    at getUserNotInResponse (/Users/kkhjmldn/training/node_app/mso/ccs/model/ticket-model.js:2335:20) ,  Error: ER_BAD_FIELD_ERROR: Unknown column 'module_id' in 'field list' on 2020-01-17, 15:33:59 "}
{"level":"error","message":"    at Object.approval (/Users/kkhjmldn/training/node_app/mso/control/model/notification-model.js:369:16) ,  Error: ER_BAD_NULL_ERROR: Column 'module_id' cannot be null on 2020-01-17, 19:03:13 "}
{"level":"error","message":"    at updateById (/Users/kkhjmldn/training/node_app/mso/ccs/model/ticket-reply-model.js:169:16) ,  Error: ER_BAD_FIELD_ERROR: Unknown column 'module_id' in 'field list' on 2020-01-17, 19:13:03 "}
{"level":"error","message":"    at create (/Users/kkhjmldn/training/node_app/mso/ccs/model/ticket-rating-model.js:173:16) ,  Error: ER_BAD_FIELD_ERROR: Unknown column 'module_id' in 'field list' on 2020-01-17, 19:20:48 "}
{"level":"error","message":"    at getAllCustomerCCS (/Users/kkhjmldn/training/node_app/mso/ccs/model/report-model.js:113:12) ,  Error: ER_PARSE_ERROR: You have an error in your SQL syntax; check the manual that corresponds to your MySQL server version for the right syntax to use near '(SELECT COUNT(t._id) FROM mso_ccs.tickets t WHERE t.status_id = 4 AND t.client_i' at line 4 on 2020-01-18, 10:16:54 "}
{"level":"error","message":"    at getAllCustomerCCS (/Users/kkhjmldn/training/node_app/mso/ccs/model/report-model.js:113:12) ,  Error: ER_PARSE_ERROR: You have an error in your SQL syntax; check the manual that corresponds to your MySQL server version for the right syntax to use near '(SELECT COUNT(t._id) FROM mso_ccs.tickets t WHERE t.status_id = 4 AND t.client_i' at line 4 on 2020-01-18, 10:16:55 "}
{"level":"error","message":"    at getAllCustomerCCS (/Users/kkhjmldn/training/node_app/mso/ccs/model/report-model.js:113:12) ,  Error: ER_PARSE_ERROR: You have an error in your SQL syntax; check the manual that corresponds to your MySQL server version for the right syntax to use near '(SELECT COUNT(t._id) FROM mso_ccs.tickets t WHERE t.status_id = 4 AND t.client_i' at line 4 on 2020-01-18, 10:16:55 "}
{"level":"error","message":"    at getAllCustomerCCS (/Users/kkhjmldn/training/node_app/mso/ccs/model/report-model.js:113:12) ,  Error: ER_PARSE_ERROR: You have an error in your SQL syntax; check the manual that corresponds to your MySQL server version for the right syntax to use near '(SELECT COUNT(t._id) FROM mso_ccs.tickets t WHERE t.status_id = 4 AND t.client_i' at line 4 on 2020-01-18, 10:17:19 "}
{"level":"error","message":"    at getAllCustomerCCS (/Users/kkhjmldn/training/node_app/mso/ccs/model/report-model.js:113:12) ,  Error: ER_PARSE_ERROR: You have an error in your SQL syntax; check the manual that corresponds to your MySQL server version for the right syntax to use near '(SELECT COUNT(t._id) FROM mso_ccs.tickets t WHERE t.status_id = 4 AND t.client_i' at line 4 on 2020-01-18, 10:17:19 "}
{"level":"error","message":"    at getAllCustomerCCS (/Users/kkhjmldn/training/node_app/mso/ccs/model/report-model.js:113:12) ,  Error: ER_PARSE_ERROR: You have an error in your SQL syntax; check the manual that corresponds to your MySQL server version for the right syntax to use near '(SELECT COUNT(t._id) FROM mso_ccs.tickets t WHERE t.status_id = 4 AND t.client_i' at line 4 on 2020-01-18, 10:17:19 "}
{"level":"error","message":"    at totalAllMyCompleted (/Users/kkhjmldn/training/node_app/mso/ccs/model/ticket-model.js:1271:8) ,  Error: ER_BAD_FIELD_ERROR: Unknown column 'ts.resolution_at' in 'order clause' on 2020-01-19, 22:47:39 "}
{"level":"error","message":"    at totalAllMyCompleted (/Users/kkhjmldn/training/node_app/mso/ccs/model/ticket-model.js:1271:8) ,  Error: ER_BAD_FIELD_ERROR: Unknown column 'ts.resolution_at' in 'order clause' on 2020-01-19, 22:47:39 "}
{"level":"error","message":"    at totalAllMyCompleted (/Users/kkhjmldn/training/node_app/mso/ccs/model/ticket-model.js:1271:8) ,  Error: ER_BAD_FIELD_ERROR: Unknown column 'ts.resolution_at' in 'order clause' on 2020-01-19, 22:47:39 "}
{"level":"error","message":"    at totalAllMyCompleted (/Users/kkhjmldn/training/node_app/mso/ccs/model/ticket-model.js:1271:8) ,  Error: ER_BAD_FIELD_ERROR: Unknown column 'ts.resolution_at' in 'order clause' on 2020-01-19, 22:47:39 "}
{"level":"error","message":"    at totalAllMyCompleted (/Users/kkhjmldn/training/node_app/mso/ccs/model/ticket-model.js:1271:8) ,  Error: ER_BAD_FIELD_ERROR: Unknown column 'ts.resolution_at' in 'order clause' on 2020-01-19, 22:47:39 "}
{"level":"error","message":"    at totalAllMyCompleted (/Users/kkhjmldn/training/node_app/mso/ccs/model/ticket-model.js:1271:8) ,  Error: ER_BAD_FIELD_ERROR: Unknown column 'ts.resolution_at' in 'order clause' on 2020-01-19, 22:47:39 "}
{"level":"error","message":"    at totalAllMyCompleted (/Users/kkhjmldn/training/node_app/mso/ccs/model/ticket-model.js:1271:8) ,  Error: ER_BAD_FIELD_ERROR: Unknown column 'ts.resolution_at' in 'order clause' on 2020-01-19, 22:47:39 "}
{"level":"error","message":"    at Object.create (/Users/kkhjmldn/training/node_app/mso/ccs/model/overtime-resolution-model.js:106:16) ,  Error: ER_BAD_NULL_ERROR: Column 'handled_by_user_id' cannot be null on 2020-01-20, 18:59:36 "}
{"level":"error","message":"    at Object.create (/Users/kkhjmldn/training/node_app/mso/ccs/model/overtime-resolution-model.js:106:16) ,  Error: ER_BAD_NULL_ERROR: Column 'handled_by_user_id' cannot be null on 2020-01-20, 19:00:57 "}
{"level":"error","message":"    at Object.create (/Users/kkhjmldn/training/node_app/mso/ccs/model/overtime-resolution-model.js:106:16) ,  Error: ER_BAD_NULL_ERROR: Column 'handled_by_user_id' cannot be null on 2020-01-20, 19:02:41 "}
{"level":"error","message":"    at Object.create (/Users/kkhjmldn/training/node_app/mso/ccs/model/overtime-resolution-model.js:106:16) ,  Error: ER_BAD_NULL_ERROR: Column 'handled_by_user_id' cannot be null on 2020-01-20, 19:03:30 "}
{"level":"error","message":"    at Object.create (/Users/kkhjmldn/training/node_app/mso/ccs/model/overtime-resolution-model.js:106:16) ,  Error: ER_BAD_NULL_ERROR: Column 'handled_by_user_id' cannot be null on 2020-01-20, 19:04:51 "}
{"level":"error","message":"    at getAllParents (/Users/kkhjmldn/training/node_app/mso/ccs/model/ticket-model.js:242:12) ,  Error: ER_BAD_FIELD_ERROR: Unknown column 'ts.resolutin_at' in 'field list' on 2020-01-20, 22:20:08 "}
{"level":"error","message":"    at getAllParents (/Users/kkhjmldn/training/node_app/mso/ccs/model/ticket-model.js:242:12) ,  Error: ER_BAD_FIELD_ERROR: Unknown column 'ts.resolutin_at' in 'field list' on 2020-01-20, 22:20:09 "}
{"level":"error","message":"    at getAllParents (/Users/kkhjmldn/training/node_app/mso/ccs/model/ticket-model.js:242:12) ,  Error: ER_BAD_FIELD_ERROR: Unknown column 'ts.resolutin_at' in 'field list' on 2020-01-20, 22:20:09 "}
{"level":"error","message":"    at getAllTeamsCCS (/Users/kkhjmldn/training/node_app/mso/ccs/model/report-model.js:41:12) ,  Error: ER_PARSE_ERROR: You have an error in your SQL syntax; check the manual that corresponds to your MySQL server version for the right syntax to use near '(SELECT SUM(overtime_respond) FROM mso_ccs.overtime_respond WHERE handled_by_use' at line 9 on 2020-01-21, 12:40:45 "}
{"level":"error","message":"    at getAllTeamsCCS (/Users/kkhjmldn/training/node_app/mso/ccs/model/report-model.js:41:12) ,  Error: ER_PARSE_ERROR: You have an error in your SQL syntax; check the manual that corresponds to your MySQL server version for the right syntax to use near '(SELECT SUM(overtime_respond) FROM mso_ccs.overtime_respond WHERE handled_by_use' at line 9 on 2020-01-21, 12:40:45 "}
{"level":"error","message":"    at getAllTeamsCCS (/Users/kkhjmldn/training/node_app/mso/ccs/model/report-model.js:41:12) ,  Error: ER_PARSE_ERROR: You have an error in your SQL syntax; check the manual that corresponds to your MySQL server version for the right syntax to use near '(SELECT SUM(overtime_respond) FROM mso_ccs.overtime_respond WHERE handled_by_use' at line 9 on 2020-01-21, 12:40:45 "}
{"level":"error","message":"    at getAllTeamsCCS (/Users/kkhjmldn/training/node_app/mso/ccs/model/report-model.js:41:12) ,  Error: ER_NO_SUCH_TABLE: Table 'mso_ccs.overtime_respond' doesn't exist on 2020-01-21, 12:41:20 "}
{"level":"error","message":"    at getAllTeamsCCS (/Users/kkhjmldn/training/node_app/mso/ccs/model/report-model.js:41:12) ,  Error: ER_NO_SUCH_TABLE: Table 'mso_ccs.overtime_respond' doesn't exist on 2020-01-21, 12:41:20 "}
{"level":"error","message":"    at getAllTeamsCCS (/Users/kkhjmldn/training/node_app/mso/ccs/model/report-model.js:41:12) ,  Error: ER_NO_SUCH_TABLE: Table 'mso_ccs.overtime_respond' doesn't exist on 2020-01-21, 12:41:20 "}
{"level":"error","message":"    at getAllTeamsCCS (/Users/kkhjmldn/training/node_app/mso/ccs/model/report-model.js:50:12) ,  Error: ER_BAD_FIELD_ERROR: Unknown column 'total_overtime_respond' in 'where clause' on 2020-01-21, 12:48:04 "}
{"level":"error","message":"    at getAllTeamsCCS (/Users/kkhjmldn/training/node_app/mso/ccs/model/report-model.js:50:12) ,  Error: ER_BAD_FIELD_ERROR: Unknown column 'total' in 'where clause' on 2020-01-21, 12:49:15 "}
{"level":"error","message":"    at getAllTeamsCCS (/Users/kkhjmldn/training/node_app/mso/ccs/model/report-model.js:50:12) ,  Error: ER_INVALID_GROUP_FUNC_USE: Invalid use of group function on 2020-01-21, 12:49:59 "}
{"level":"error","message":"    at getAllTeamsCCS (/Users/kkhjmldn/training/node_app/mso/ccs/model/report-model.js:50:12) ,  Error: ER_INVALID_GROUP_FUNC_USE: Invalid use of group function on 2020-01-21, 12:50:42 "}
{"level":"error","message":"    at getAllTeamsCCS (/Users/kkhjmldn/training/node_app/mso/ccs/model/report-model.js:50:12) ,  Error: ER_INVALID_GROUP_FUNC_USE: Invalid use of group function on 2020-01-21, 12:51:38 "}
{"level":"error","message":"    at getAllTeamsCCS (/Users/kkhjmldn/training/node_app/mso/ccs/model/report-model.js:50:12) ,  Error: ER_INVALID_GROUP_FUNC_USE: Invalid use of group function on 2020-01-21, 12:51:38 "}
{"level":"error","message":"    at getAllTeamsCCS (/Users/kkhjmldn/training/node_app/mso/ccs/model/report-model.js:50:12) ,  Error: ER_INVALID_GROUP_FUNC_USE: Invalid use of group function on 2020-01-21, 12:51:38 "}
{"level":"error","message":"    at Connection.query (/Users/kkhjmldn/training/node_app/mso/node_modules/mysql/lib/Connection.js:201:25) ,  Error: ER_PARSE_ERROR: You have an error in your SQL syntax; check the manual that corresponds to your MySQL server version for the right syntax to use near ') BETWEEN 81 AND 101 \n            ORDER BY total_score DESC' at line 22 on 2020-01-21, 12:58:00 "}
{"level":"error","message":"    at clt_id (/Users/kkhjmldn/training/node_app/mso/ccs/model/ticket-model.js:2172:20) ,  Error: ER_DUP_ENTRY: Duplicate entry 'TIC2020010026271' for key 'PRIMARY' on 2020-01-22, 11:36:27 "}
{"level":"error","message":"    at clt_id (/Users/kkhjmldn/training/node_app/mso/ccs/model/ticket-model.js:2173:20) ,  Error: ER_DUP_ENTRY: Duplicate entry 'TIC2020010026271' for key 'PRIMARY' on 2020-01-22, 11:37:49 "}
{"level":"error","message":"    at clt_id (/Users/kkhjmldn/training/node_app/mso/ccs/model/ticket-model.js:2174:20) ,  Error: ER_DUP_ENTRY: Duplicate entry 'TIC2020010026271' for key 'PRIMARY' on 2020-01-22, 11:39:13 "}
{"level":"error","message":"    at clt_id (/Users/kkhjmldn/training/node_app/mso/ccs/model/ticket-model.js:2174:20) ,  Error: ER_DUP_ENTRY: Duplicate entry 'TIC2020010020026' for key 'PRIMARY' on 2020-01-22, 11:48:08 "}
{"level":"error","message":"    at clt_id (/Users/kkhjmldn/training/node_app/mso/ccs/model/ticket-model.js:2174:20) ,  Error: ER_DUP_ENTRY: Duplicate entry 'TIC2020010020026' for key 'PRIMARY' on 2020-01-22, 11:49:33 "}
{"level":"error","message":"    at Object.approval (/Users/kkhjmldn/training/node_app/mso/control/model/notification-model.js:369:16) ,  Error: ER_BAD_NULL_ERROR: Column 'module_id' cannot be null on 2020-01-23, 14:21:21 "}
{"level":"error","message":"    at Object.approval (/Users/kkhjmldn/training/node_app/mso/control/model/notification-model.js:369:16) ,  Error: ER_BAD_NULL_ERROR: Column 'module_id' cannot be null on 2020-01-23, 14:21:21 "}
{"level":"error","message":"    at Object.approval (/Users/kkhjmldn/training/node_app/mso/control/model/notification-model.js:369:16) ,  Error: ER_BAD_NULL_ERROR: Column 'module_id' cannot be null on 2020-01-23, 14:21:21 "}
{"level":"error","message":"    at getByTicketReplyId (/Users/kkhjmldn/training/node_app/mso/ccs/model/ticket-rating-model.js:58:8) ,  Error: ER_BAD_FIELD_ERROR: Unknown column 'a.ticket_id' in 'on clause' on 2020-01-24, 05:14:24 "}
{"level":"error","message":"    at getByTicketReplyId (/Users/kkhjmldn/training/node_app/mso/ccs/model/ticket-rating-model.js:58:8) ,  Error: ER_BAD_FIELD_ERROR: Unknown column 'a.ticket_id' in 'on clause' on 2020-01-24, 05:14:36 "}
{"level":"error","message":"    at getByTicketReplyId (/Users/kkhjmldn/training/node_app/mso/ccs/model/ticket-rating-model.js:58:8) ,  Error: ER_BAD_FIELD_ERROR: Unknown column 'a.ticket_id' in 'on clause' on 2020-01-24, 05:14:41 "}
{"level":"error","message":"    at getByTicketReplyId (/Users/kkhjmldn/training/node_app/mso/ccs/model/ticket-rating-model.js:58:8) ,  Error: ER_BAD_FIELD_ERROR: Unknown column 'a.ticket_id' in 'on clause' on 2020-01-24, 05:14:41 "}
{"level":"error","message":"    at getByTicketReplyId (/Users/kkhjmldn/training/node_app/mso/ccs/model/ticket-rating-model.js:58:8) ,  Error: ER_BAD_FIELD_ERROR: Unknown column 'a.ticket_id' in 'on clause' on 2020-01-24, 05:14:41 "}
{"level":"error","message":"    at getByTicketReplyId (/Users/kkhjmldn/training/node_app/mso/ccs/model/ticket-rating-model.js:58:8) ,  Error: ER_BAD_FIELD_ERROR: Unknown column 'a.ticket_id' in 'on clause' on 2020-01-24, 05:14:41 "}
{"level":"error","message":"    at getByTicketReplyId (/Users/kkhjmldn/training/node_app/mso/ccs/model/ticket-rating-model.js:58:8) ,  Error: ER_BAD_FIELD_ERROR: Unknown column 'a.ticket_id' in 'on clause' on 2020-01-24, 05:14:41 "}
{"level":"error","message":"    at getAllApproval (/Users/kkhjmldn/training/node_app/mso/ccs/model/ticket-model.js:1521:8) ,  Error: ER_BAD_FIELD_ERROR: Unknown column 'e.full_name' in 'field list' on 2020-01-30, 08:26:24 "}
{"level":"error","message":"    at getAllApproval (/Users/kkhjmldn/training/node_app/mso/ccs/model/ticket-model.js:1521:8) ,  Error: ER_BAD_FIELD_ERROR: Unknown column 'e.full_name' in 'field list' on 2020-01-30, 08:26:24 "}
{"level":"error","message":"    at getAllApproval (/Users/kkhjmldn/training/node_app/mso/ccs/model/ticket-model.js:1521:8) ,  Error: ER_BAD_FIELD_ERROR: Unknown column 'e.full_name' in 'field list' on 2020-01-30, 08:26:24 "}
{"level":"error","message":"    at totalAllApproval (/Users/kkhjmldn/training/node_app/mso/ccs/model/ticket-model.js:1755:8) ,  Error: ER_BAD_FIELD_ERROR: Unknown column 'b.priority_id' in 'where clause' on 2020-02-25, 12:01:10 "}
{"level":"error","message":"    at getAllApproval (/Users/kkhjmldn/training/node_app/mso/ccs/model/ticket-model.js:1677:8) ,  Error: ER_BAD_FIELD_ERROR: Unknown column 'b.priority_id' in 'where clause' on 2020-02-25, 12:01:10 "}
{"level":"error","message":"    at totalAllApproval (/Users/kkhjmldn/training/node_app/mso/ccs/model/ticket-model.js:1755:8) ,  Error: ER_BAD_FIELD_ERROR: Unknown column 'b.priority_id' in 'where clause' on 2020-02-25, 12:01:16 "}
{"level":"error","message":"    at getAllApproval (/Users/kkhjmldn/training/node_app/mso/ccs/model/ticket-model.js:1677:8) ,  Error: ER_BAD_FIELD_ERROR: Unknown column 'b.priority_id' in 'where clause' on 2020-02-25, 12:01:16 "}
{"level":"error","message":"    at totalAllApproval (/Users/kkhjmldn/training/node_app/mso/ccs/model/ticket-model.js:1755:8) ,  Error: ER_BAD_FIELD_ERROR: Unknown column 'b.client_id' in 'where clause' on 2020-02-25, 12:01:27 "}
{"level":"error","message":"    at getAllApproval (/Users/kkhjmldn/training/node_app/mso/ccs/model/ticket-model.js:1677:8) ,  Error: ER_BAD_FIELD_ERROR: Unknown column 'b.client_id' in 'where clause' on 2020-02-25, 12:01:27 "}
{"level":"error","message":"    at totalAllApproval (/Users/kkhjmldn/training/node_app/mso/ccs/model/ticket-model.js:1755:8) ,  Error: ER_BAD_FIELD_ERROR: Unknown column 'b.client_id' in 'where clause' on 2020-03-05, 14:29:34 "}
{"level":"error","message":"    at getAllApproval (/Users/kkhjmldn/training/node_app/mso/ccs/model/ticket-model.js:1677:8) ,  Error: ER_BAD_FIELD_ERROR: Unknown column 'b.client_id' in 'where clause' on 2020-03-05, 14:29:34 "}
{"level":"error","message":"    at totalAllApproval (/Users/kkhjmldn/training/node_app/mso/ccs/model/ticket-model.js:1755:8) ,  Error: ER_BAD_FIELD_ERROR: Unknown column 'b.client_id' in 'where clause' on 2020-03-05, 14:29:53 "}
{"level":"error","message":"    at getAllApproval (/Users/kkhjmldn/training/node_app/mso/ccs/model/ticket-model.js:1677:8) ,  Error: ER_BAD_FIELD_ERROR: Unknown column 'b.client_id' in 'where clause' on 2020-03-05, 14:29:53 "}
{"level":"error","message":"    at totalAllApproval (/Users/kkhjmldn/training/node_app/mso/ccs/model/ticket-model.js:1755:8) ,  Error: ER_BAD_FIELD_ERROR: Unknown column 'b.client_id' in 'where clause' on 2020-03-05, 14:31:11 "}
{"level":"error","message":"    at Connection.query (/Users/kkhjmldn/training/node_app/mso/node_modules/mysql/lib/Connection.js:201:25) ,  Error: ER_PARSE_ERROR: You have an error in your SQL syntax; check the manual that corresponds to your MySQL server version for the right syntax to use near 'SELECT GROUP_CONCAT(h.structure SEPARATOR ', ' ) \n                    FROM lette' at line 2 on 2020-03-09, 14:26:37 "}
{"level":"error","message":"    at Connection.query (/Users/kkhjmldn/training/node_app/mso/node_modules/mysql/lib/Connection.js:201:25) ,  Error: ER_PARSE_ERROR: You have an error in your SQL syntax; check the manual that corresponds to your MySQL server version for the right syntax to use near 'SELECT GROUP_CONCAT(h.structure SEPARATOR ', ' ) \n                    FROM lette' at line 2 on 2020-03-09, 14:26:37 "}
{"level":"error","message":"    at Connection.query (/Users/kkhjmldn/training/node_app/mso/node_modules/mysql/lib/Connection.js:201:25) ,  Error: ER_PARSE_ERROR: You have an error in your SQL syntax; check the manual that corresponds to your MySQL server version for the right syntax to use near 'SELECT GROUP_CONCAT(h.structure SEPARATOR ', ' ) \n                    FROM lette' at line 2 on 2020-03-09, 14:26:37 "}
{"level":"error","message":"undefined ,  Error: Cannot enqueue Query after fatal error. on 2020-03-12, 09:51:44 "}
{"level":"error","message":"undefined ,  Error: Cannot enqueue Query after fatal error. on 2020-03-12, 09:51:44 "}
{"level":"error","message":"    at getAll (/Users/kkhjmldn/training/node_app/mso/sism/model/letter-in-model.js:57:12) ,  Error: ER_NO_SUCH_TABLE: Table 'mso_sism.letter_in_to_division' doesn't exist on 2020-03-14, 12:04:45 "}
{"level":"error","message":"    at getAll (/Users/kkhjmldn/training/node_app/mso/sism/model/letter-in-model.js:57:12) ,  Error: ER_NO_SUCH_TABLE: Table 'mso_sism.letter_in_to_division' doesn't exist on 2020-03-14, 12:04:45 "}
{"level":"error","message":"    at getAll (/Users/kkhjmldn/training/node_app/mso/sism/model/letter-in-model.js:57:12) ,  Error: ER_NO_SUCH_TABLE: Table 'mso_sism.letter_in_to_division' doesn't exist on 2020-03-14, 12:04:45 "}
{"level":"error","message":"    at getAll (/Users/kkhjmldn/training/node_app/mso/sism/model/letter-in-model.js:57:12) ,  Error: ER_NO_SUCH_TABLE: Table 'mso_sism.letter_in_to_division' doesn't exist on 2020-03-14, 12:04:45 "}
{"level":"error","message":"    at getAll (/Users/kkhjmldn/training/node_app/mso/sism/model/letter-in-model.js:57:12) ,  Error: ER_NO_SUCH_TABLE: Table 'mso_sism.letter_in_to_division' doesn't exist on 2020-03-14, 12:04:45 "}
{"level":"error","message":"    at getAll (/Users/kkhjmldn/training/node_app/mso/sism/model/letter-in-model.js:57:12) ,  Error: ER_NO_SUCH_TABLE: Table 'mso_sism.letter_in_to_division' doesn't exist on 2020-03-14, 12:04:45 "}
{"level":"error","message":"    at getAll (/Users/kkhjmldn/training/node_app/mso/sism/model/letter-in-model.js:57:12) ,  Error: ER_NO_SUCH_TABLE: Table 'mso_sism.letter_in_to_division' doesn't exist on 2020-03-14, 12:04:45 "}
{"level":"error","message":"    at getAll (/Users/kkhjmldn/training/node_app/mso/sism/model/letter-in-model.js:57:12) ,  Error: ER_NO_SUCH_TABLE: Table 'mso_sism.letter_in_to_division' doesn't exist on 2020-03-14, 14:18:56 "}
{"level":"error","message":"    at getAll (/Users/kkhjmldn/training/node_app/mso/sism/model/letter-in-model.js:57:12) ,  Error: ER_NO_SUCH_TABLE: Table 'mso_sism.letter_in_to_division' doesn't exist on 2020-03-14, 14:18:57 "}
{"level":"error","message":"    at getAll (/Users/kkhjmldn/training/node_app/mso/sism/model/letter-in-model.js:57:12) ,  Error: ER_NO_SUCH_TABLE: Table 'mso_sism.letter_in_to_division' doesn't exist on 2020-03-14, 14:18:57 "}
{"level":"error","message":"    at getAll (/Users/kkhjmldn/training/node_app/mso/sism/model/letter-in-model.js:57:12) ,  Error: ER_NO_SUCH_TABLE: Table 'mso_sism.letter_in_to_division' doesn't exist on 2020-03-14, 14:18:58 "}
{"level":"error","message":"    at Object.approval (/Users/kkhjmldn/training/node_app/mso/control/model/notification-model.js:369:16) ,  Error: ER_BAD_NULL_ERROR: Column 'module_id' cannot be null on 2020-03-15, 06:23:40 "}
{"level":"error","message":"    at Object.approval (/Users/kkhjmldn/training/node_app/mso/control/model/notification-model.js:369:16) ,  Error: ER_BAD_NULL_ERROR: Column 'module_id' cannot be null on 2020-03-15, 06:23:40 "}
{"level":"error","message":"    at Object.approval (/Users/kkhjmldn/training/node_app/mso/control/model/notification-model.js:369:16) ,  Error: ER_BAD_NULL_ERROR: Column 'module_id' cannot be null on 2020-03-15, 06:23:40 "}
{"level":"error","message":"undefined ,  ReferenceError: limit is not defined on 2020-03-17, 17:44:11 "}
{"level":"error","message":"undefined ,  ReferenceError: limit is not defined on 2020-03-17, 17:44:14 "}
{"level":"error","message":"undefined ,  ReferenceError: limit is not defined on 2020-03-17, 19:00:40 "}
{"level":"error","message":"undefined ,  ReferenceError: limit is not defined on 2020-03-17, 19:00:42 "}
{"level":"error","message":"undefined ,  ReferenceError: limit is not defined on 2020-03-19, 22:05:55 "}
{"level":"error","message":"undefined ,  ReferenceError: limit is not defined on 2020-03-19, 22:05:58 "}
{"level":"error","message":"    at Object.create (/Users/kkhjmldn/training/node_app/mso/sism/model/letter-out-recipient-model.js:39:16) ,  Error: ER_BAD_NULL_ERROR: Column 'recipient' cannot be null on 2020-03-19, 22:11:13 "}
{"level":"error","message":"undefined ,  ReferenceError: limit is not defined on 2020-03-20, 08:37:46 "}
{"level":"error","message":"undefined ,  ReferenceError: limit is not defined on 2020-03-20, 08:38:07 "}
{"level":"error","message":"undefined ,  ReferenceError: limit is not defined on 2020-03-20, 08:38:07 "}
{"level":"error","message":"undefined ,  ReferenceError: limit is not defined on 2020-03-20, 08:41:52 "}
{"level":"error","message":"undefined ,  ReferenceError: limit is not defined on 2020-03-20, 08:41:55 "}
{"level":"error","message":"undefined ,  ReferenceError: limit is not defined on 2020-03-20, 08:42:07 "}
{"level":"error","message":"undefined ,  ReferenceError: limit is not defined on 2020-03-20, 08:42:09 "}
{"level":"error","message":"undefined ,  ReferenceError: limit is not defined on 2020-03-20, 08:42:29 "}
{"level":"error","message":"undefined ,  ReferenceError: limit is not defined on 2020-03-20, 08:42:29 "}
{"level":"error","message":"undefined ,  ReferenceError: limit is not defined on 2020-03-20, 08:42:29 "}
{"level":"error","message":"undefined ,  ReferenceError: limit is not defined on 2020-03-20, 08:42:29 "}
{"level":"error","message":"undefined ,  ReferenceError: limit is not defined on 2020-03-20, 08:42:29 "}
{"level":"error","message":"undefined ,  ReferenceError: limit is not defined on 2020-03-20, 08:43:13 "}
{"level":"error","message":"undefined ,  ReferenceError: limit is not defined on 2020-03-20, 08:43:33 "}
{"level":"error","message":"undefined ,  ReferenceError: limit is not defined on 2020-03-20, 08:43:33 "}
{"level":"error","message":"undefined ,  ReferenceError: limit is not defined on 2020-03-20, 08:43:33 "}
{"level":"error","message":"undefined ,  ReferenceError: limit is not defined on 2020-03-20, 08:43:33 "}
{"level":"error","message":"undefined ,  ReferenceError: limit is not defined on 2020-03-20, 08:43:33 "}
{"level":"error","message":"undefined ,  ReferenceError: limit is not defined on 2020-03-20, 08:45:13 "}
{"level":"error","message":"undefined ,  ReferenceError: limit is not defined on 2020-03-20, 08:45:15 "}
{"level":"error","message":"undefined ,  ReferenceError: limit is not defined on 2020-03-20, 08:45:35 "}
{"level":"error","message":"undefined ,  ReferenceError: limit is not defined on 2020-03-20, 08:45:35 "}
{"level":"error","message":"undefined ,  ReferenceError: limit is not defined on 2020-03-20, 08:45:35 "}
{"level":"error","message":"undefined ,  ReferenceError: limit is not defined on 2020-03-20, 08:45:35 "}
{"level":"error","message":"undefined ,  ReferenceError: limit is not defined on 2020-03-20, 08:45:35 "}
{"level":"error","message":"undefined ,  ReferenceError: limit is not defined on 2020-03-20, 08:47:15 "}
{"level":"error","message":"undefined ,  ReferenceError: limit is not defined on 2020-03-20, 09:04:23 "}
{"level":"error","message":"undefined ,  ReferenceError: limit is not defined on 2020-03-20, 09:04:43 "}
{"level":"error","message":"undefined ,  ReferenceError: limit is not defined on 2020-03-20, 09:04:43 "}
{"level":"error","message":"undefined ,  ReferenceError: limit is not defined on 2020-03-20, 09:04:43 "}
{"level":"error","message":"undefined ,  ReferenceError: limit is not defined on 2020-03-20, 09:04:43 "}
{"level":"error","message":"undefined ,  ReferenceError: limit is not defined on 2020-03-20, 09:04:43 "}
{"level":"error","message":"undefined ,  ReferenceError: limit is not defined on 2020-03-20, 09:05:24 "}
{"level":"error","message":"undefined ,  ReferenceError: limit is not defined on 2020-03-20, 09:05:44 "}
{"level":"error","message":"undefined ,  ReferenceError: limit is not defined on 2020-03-20, 09:05:44 "}
{"level":"error","message":"undefined ,  ReferenceError: limit is not defined on 2020-03-20, 09:05:44 "}
{"level":"error","message":"undefined ,  ReferenceError: limit is not defined on 2020-03-20, 09:05:45 "}
{"level":"error","message":"undefined ,  ReferenceError: limit is not defined on 2020-03-20, 09:05:45 "}
{"level":"error","message":"undefined ,  ReferenceError: limit is not defined on 2020-03-20, 09:06:12 "}
{"level":"error","message":"undefined ,  ReferenceError: limit is not defined on 2020-03-20, 09:06:32 "}
{"level":"error","message":"undefined ,  ReferenceError: limit is not defined on 2020-03-20, 09:06:32 "}
{"level":"error","message":"undefined ,  ReferenceError: limit is not defined on 2020-03-20, 09:06:33 "}
{"level":"error","message":"undefined ,  ReferenceError: limit is not defined on 2020-03-20, 09:06:33 "}
{"level":"error","message":"undefined ,  ReferenceError: limit is not defined on 2020-03-20, 09:06:33 "}
{"level":"error","message":"undefined ,  ReferenceError: limit is not defined on 2020-03-20, 09:08:12 "}
{"level":"error","message":"undefined ,  ReferenceError: limit is not defined on 2020-03-20, 09:08:16 "}
{"level":"error","message":"undefined ,  ReferenceError: limit is not defined on 2020-03-20, 09:08:37 "}
{"level":"error","message":"undefined ,  ReferenceError: limit is not defined on 2020-03-20, 09:08:37 "}
{"level":"error","message":"undefined ,  ReferenceError: limit is not defined on 2020-03-20, 09:08:37 "}
{"level":"error","message":"undefined ,  ReferenceError: limit is not defined on 2020-03-20, 09:08:37 "}
{"level":"error","message":"undefined ,  ReferenceError: limit is not defined on 2020-03-20, 09:08:37 "}
{"level":"error","message":"undefined ,  ReferenceError: limit is not defined on 2020-03-20, 09:10:16 "}
{"level":"error","message":"undefined ,  ReferenceError: limit is not defined on 2020-03-20, 09:21:35 "}
{"level":"error","message":"undefined ,  ReferenceError: limit is not defined on 2020-03-20, 09:21:55 "}
{"level":"error","message":"undefined ,  ReferenceError: limit is not defined on 2020-03-20, 09:21:55 "}
{"level":"error","message":"undefined ,  ReferenceError: limit is not defined on 2020-03-20, 09:21:55 "}
{"level":"error","message":"undefined ,  ReferenceError: limit is not defined on 2020-03-20, 09:21:55 "}
{"level":"error","message":"undefined ,  ReferenceError: limit is not defined on 2020-03-20, 09:21:56 "}
{"level":"error","message":"undefined ,  ReferenceError: limit is not defined on 2020-03-20, 09:23:35 "}
{"level":"error","message":"undefined ,  ReferenceError: limit is not defined on 2020-03-20, 09:23:39 "}
{"level":"error","message":"undefined ,  ReferenceError: limit is not defined on 2020-03-20, 09:23:59 "}
{"level":"error","message":"undefined ,  ReferenceError: limit is not defined on 2020-03-20, 09:23:59 "}
{"level":"error","message":"undefined ,  ReferenceError: limit is not defined on 2020-03-20, 09:23:59 "}
{"level":"error","message":"undefined ,  ReferenceError: limit is not defined on 2020-03-20, 09:23:59 "}
{"level":"error","message":"undefined ,  ReferenceError: limit is not defined on 2020-03-20, 09:23:59 "}
{"level":"error","message":"undefined ,  ReferenceError: limit is not defined on 2020-03-20, 09:25:51 "}
{"level":"error","message":"undefined ,  ReferenceError: limit is not defined on 2020-03-20, 09:26:11 "}
{"level":"error","message":"undefined ,  ReferenceError: limit is not defined on 2020-03-20, 09:26:11 "}
{"level":"error","message":"undefined ,  ReferenceError: limit is not defined on 2020-03-20, 09:26:11 "}
{"level":"error","message":"undefined ,  ReferenceError: limit is not defined on 2020-03-20, 09:26:12 "}
{"level":"error","message":"undefined ,  ReferenceError: limit is not defined on 2020-03-20, 09:26:12 "}
{"level":"error","message":"undefined ,  ReferenceError: limit is not defined on 2020-03-20, 09:26:42 "}
{"level":"error","message":"undefined ,  ReferenceError: limit is not defined on 2020-03-20, 09:27:00 "}
{"level":"error","message":"undefined ,  ReferenceError: limit is not defined on 2020-03-20, 09:27:51 "}
{"level":"error","message":"undefined ,  ReferenceError: limit is not defined on 2020-03-20, 09:27:56 "}
{"level":"error","message":"undefined ,  ReferenceError: limit is not defined on 2020-03-20, 09:28:16 "}
{"level":"error","message":"undefined ,  ReferenceError: limit is not defined on 2020-03-20, 09:28:17 "}
{"level":"error","message":"undefined ,  ReferenceError: limit is not defined on 2020-03-20, 09:28:36 "}
{"level":"error","message":"undefined ,  ReferenceError: limit is not defined on 2020-03-23, 05:13:30 "}
{"level":"error","message":"undefined ,  ReferenceError: limit is not defined on 2020-03-23, 05:13:32 "}
{"level":"error","message":"undefined ,  ReferenceError: limit is not defined on 2020-03-23, 05:13:39 "}
{"level":"error","message":"undefined ,  ReferenceError: limit is not defined on 2020-03-23, 05:13:59 "}
{"level":"error","message":"undefined ,  ReferenceError: limit is not defined on 2020-03-23, 11:35:13 "}
{"level":"error","message":"undefined ,  ReferenceError: limit is not defined on 2020-03-23, 11:35:16 "}
{"level":"error","message":"    at Object.approval (/Users/kkhjmldn/training/node_app/mso/control/model/notification-model.js:369:16) ,  Error: ER_BAD_NULL_ERROR: Column 'module_id' cannot be null on 2020-03-23, 12:42:01 "}
{"level":"error","message":"undefined ,  ReferenceError: limit is not defined on 2020-03-23, 12:57:38 "}
{"level":"error","message":"undefined ,  ReferenceError: limit is not defined on 2020-03-23, 12:57:58 "}
{"level":"error","message":"undefined ,  ReferenceError: limit is not defined on 2020-03-23, 12:57:58 "}
{"level":"error","message":"undefined ,  ReferenceError: limit is not defined on 2020-03-23, 12:58:59 "}
{"level":"error","message":"undefined ,  ReferenceError: limit is not defined on 2020-03-23, 13:01:59 "}
{"level":"error","message":"undefined ,  ReferenceError: limit is not defined on 2020-03-23, 13:02:03 "}
{"level":"error","message":"undefined ,  ReferenceError: limit is not defined on 2020-03-23, 14:55:57 "}
{"level":"error","message":"undefined ,  ReferenceError: limit is not defined on 2020-03-23, 14:56:00 "}
{"level":"error","message":"undefined ,  ReferenceError: limit is not defined on 2020-03-23, 14:57:01 "}
{"level":"error","message":"undefined ,  ReferenceError: limit is not defined on 2020-03-23, 16:26:17 "}
{"level":"error","message":"    at create (/Users/kkhjmldn/training/node_app/mso/sism/model/letter-out-approval-model.js:119:16) ,  Error: ER_NO_DEFAULT_FOR_FIELD: Field 'is_approved' doesn't have a default value on 2020-03-23, 16:26:23 "}
{"level":"error","message":"undefined ,  ReferenceError: limit is not defined on 2020-03-23, 16:26:37 "}
{"level":"error","message":"undefined ,  ReferenceError: limit is not defined on 2020-03-23, 16:26:37 "}
{"level":"error","message":"    at create (/Users/kkhjmldn/training/node_app/mso/sism/model/letter-out-approval-model.js:120:16) ,  Error: ER_BAD_NULL_ERROR: Column 'is_approved' cannot be null on 2020-03-23, 16:27:24 "}
{"level":"error","message":"undefined ,  ReferenceError: limit is not defined on 2020-03-23, 16:28:06 "}
{"level":"error","message":"undefined ,  ReferenceError: limit is not defined on 2020-03-23, 16:28:26 "}
{"level":"error","message":"undefined ,  ReferenceError: limit is not defined on 2020-03-23, 16:28:26 "}
{"level":"error","message":"undefined ,  ReferenceError: limit is not defined on 2020-03-23, 16:29:20 "}
{"level":"error","message":"    at Object.approval (/Users/kkhjmldn/training/node_app/mso/control/model/notification-model.js:369:16) ,  Error: ER_BAD_NULL_ERROR: Column 'to_user_id' cannot be null on 2020-03-23, 16:48:07 "}
{"level":"error","message":"undefined ,  ReferenceError: limit is not defined on 2020-03-24, 14:53:25 "}
{"level":"error","message":"undefined ,  ReferenceError: limit is not defined on 2020-03-24, 14:53:26 "}
{"level":"error","message":"undefined ,  ReferenceError: limit is not defined on 2020-03-24, 14:53:45 "}
{"level":"error","message":"undefined ,  ReferenceError: limit is not defined on 2020-03-24, 14:53:45 "}
{"level":"error","message":"undefined ,  ReferenceError: limit is not defined on 2020-03-24, 14:53:58 "}
{"level":"error","message":"undefined ,  ReferenceError: limit is not defined on 2020-03-24, 14:54:19 "}
{"level":"error","message":"undefined ,  ReferenceError: limit is not defined on 2020-03-24, 14:54:19 "}
{"level":"error","message":"undefined ,  ReferenceError: limit is not defined on 2020-03-24, 14:55:20 "}
{"level":"error","message":"undefined ,  ReferenceError: limit is not defined on 2020-03-24, 14:55:40 "}
{"level":"error","message":"undefined ,  ReferenceError: limit is not defined on 2020-03-24, 14:55:40 "}
{"level":"error","message":"undefined ,  ReferenceError: limit is not defined on 2020-03-24, 14:55:40 "}
{"level":"error","message":"undefined ,  ReferenceError: limit is not defined on 2020-03-24, 14:55:40 "}
{"level":"error","message":"undefined ,  ReferenceError: limit is not defined on 2020-03-24, 14:55:40 "}
{"level":"error","message":"undefined ,  ReferenceError: limit is not defined on 2020-03-24, 14:56:53 "}
{"level":"error","message":"undefined ,  ReferenceError: limit is not defined on 2020-03-24, 14:57:13 "}
{"level":"error","message":"undefined ,  ReferenceError: limit is not defined on 2020-03-24, 14:57:13 "}
{"level":"error","message":"undefined ,  ReferenceError: limit is not defined on 2020-03-24, 14:57:13 "}
{"level":"error","message":"undefined ,  ReferenceError: limit is not defined on 2020-03-24, 14:57:13 "}
{"level":"error","message":"undefined ,  ReferenceError: limit is not defined on 2020-03-24, 14:57:14 "}
{"level":"error","message":"undefined ,  ReferenceError: limit is not defined on 2020-03-24, 14:58:53 "}
{"level":"error","message":"undefined ,  ReferenceError: limit is not defined on 2020-03-24, 14:58:57 "}
{"level":"error","message":"undefined ,  ReferenceError: limit is not defined on 2020-03-24, 14:59:17 "}
{"level":"error","message":"undefined ,  ReferenceError: limit is not defined on 2020-03-24, 14:59:17 "}
{"level":"error","message":"undefined ,  ReferenceError: limit is not defined on 2020-03-24, 14:59:43 "}
{"level":"error","message":"undefined ,  ReferenceError: limit is not defined on 2020-03-24, 15:00:03 "}
{"level":"error","message":"undefined ,  ReferenceError: limit is not defined on 2020-03-24, 15:00:03 "}
{"level":"error","message":"undefined ,  ReferenceError: limit is not defined on 2020-03-24, 15:00:48 "}
{"level":"error","message":"undefined ,  ReferenceError: limit is not defined on 2020-03-24, 15:01:08 "}
{"level":"error","message":"undefined ,  ReferenceError: limit is not defined on 2020-03-24, 15:01:08 "}
{"level":"error","message":"undefined ,  ReferenceError: limit is not defined on 2020-03-24, 15:02:23 "}
{"level":"error","message":"undefined ,  ReferenceError: limit is not defined on 2020-03-24, 15:02:43 "}
{"level":"error","message":"undefined ,  ReferenceError: limit is not defined on 2020-03-24, 15:02:43 "}
{"level":"error","message":"    at getAll (/Users/kkhjmldn/training/node_app/mso/sism/model/letter-in-model.js:66:12) ,  Error: ER_WRONG_FIELD_WITH_GROUP: Expression #14 of SELECT list is not in GROUP BY clause and contains nonaggregated column 'mso_sism.b.sender' which is not functionally dependent on columns in GROUP BY clause; this is incompatible with sql_mode=only_full_group_by on 2020-03-24, 15:03:13 "}
{"level":"error","message":"    at getAll (/Users/kkhjmldn/training/node_app/mso/sism/model/letter-in-model.js:66:12) ,  Error: ER_WRONG_FIELD_WITH_GROUP: Expression #14 of SELECT list is not in GROUP BY clause and contains nonaggregated column 'mso_sism.b.sender' which is not functionally dependent on columns in GROUP BY clause; this is incompatible with sql_mode=only_full_group_by on 2020-03-24, 15:03:14 "}
{"level":"error","message":"    at getAll (/Users/kkhjmldn/training/node_app/mso/sism/model/letter-in-model.js:66:12) ,  Error: ER_WRONG_FIELD_WITH_GROUP: Expression #14 of SELECT list is not in GROUP BY clause and contains nonaggregated column 'mso_sism.b.sender' which is not functionally dependent on columns in GROUP BY clause; this is incompatible with sql_mode=only_full_group_by on 2020-03-24, 15:03:14 "}
{"level":"error","message":"    at getAll (/Users/kkhjmldn/training/node_app/mso/sism/model/letter-in-model.js:66:12) ,  Error: ER_WRONG_FIELD_WITH_GROUP: Expression #14 of SELECT list is not in GROUP BY clause and contains nonaggregated column 'mso_sism.b.sender' which is not functionally dependent on columns in GROUP BY clause; this is incompatible with sql_mode=only_full_group_by on 2020-03-24, 15:03:38 "}
{"level":"error","message":"    at getAll (/Users/kkhjmldn/training/node_app/mso/sism/model/letter-in-model.js:66:12) ,  Error: ER_WRONG_FIELD_WITH_GROUP: Expression #14 of SELECT list is not in GROUP BY clause and contains nonaggregated column 'mso_sism.b.sender' which is not functionally dependent on columns in GROUP BY clause; this is incompatible with sql_mode=only_full_group_by on 2020-03-24, 15:03:38 "}
{"level":"error","message":"    at getAll (/Users/kkhjmldn/training/node_app/mso/sism/model/letter-in-model.js:66:12) ,  Error: ER_WRONG_FIELD_WITH_GROUP: Expression #14 of SELECT list is not in GROUP BY clause and contains nonaggregated column 'mso_sism.b.sender' which is not functionally dependent on columns in GROUP BY clause; this is incompatible with sql_mode=only_full_group_by on 2020-03-24, 15:03:38 "}
{"level":"error","message":"    at getAll (/Users/kkhjmldn/training/node_app/mso/sism/model/letter-in-model.js:66:12) ,  Error: ER_WRONG_FIELD_WITH_GROUP: Expression #14 of SELECT list is not in GROUP BY clause and contains nonaggregated column 'mso_sism.b.sender' which is not functionally dependent on columns in GROUP BY clause; this is incompatible with sql_mode=only_full_group_by on 2020-03-24, 15:03:38 "}
{"level":"error","message":"    at getAll (/Users/kkhjmldn/training/node_app/mso/sism/model/letter-in-model.js:66:12) ,  Error: ER_WRONG_FIELD_WITH_GROUP: Expression #14 of SELECT list is not in GROUP BY clause and contains nonaggregated column 'mso_sism.b.sender' which is not functionally dependent on columns in GROUP BY clause; this is incompatible with sql_mode=only_full_group_by on 2020-03-24, 15:03:38 "}
{"level":"error","message":"    at getAll (/Users/kkhjmldn/training/node_app/mso/sism/model/letter-in-model.js:66:12) ,  Error: ER_WRONG_FIELD_WITH_GROUP: Expression #14 of SELECT list is not in GROUP BY clause and contains nonaggregated column 'mso_sism.b.sender' which is not functionally dependent on columns in GROUP BY clause; this is incompatible with sql_mode=only_full_group_by on 2020-03-24, 15:03:38 "}
{"level":"error","message":"    at getAll (/Users/kkhjmldn/training/node_app/mso/sism/model/letter-in-model.js:66:12) ,  Error: ER_WRONG_FIELD_WITH_GROUP: Expression #14 of SELECT list is not in GROUP BY clause and contains nonaggregated column 'mso_sism.b.sender' which is not functionally dependent on columns in GROUP BY clause; this is incompatible with sql_mode=only_full_group_by on 2020-03-24, 15:03:39 "}
{"level":"error","message":"    at getAll (/Users/kkhjmldn/training/node_app/mso/sism/model/letter-in-model.js:66:12) ,  Error: ER_WRONG_FIELD_WITH_GROUP: Expression #15 of SELECT list is not in GROUP BY clause and contains nonaggregated column 'mso_sism.b.sender' which is not functionally dependent on columns in GROUP BY clause; this is incompatible with sql_mode=only_full_group_by on 2020-03-24, 15:04:59 "}
{"level":"error","message":"    at getAll (/Users/kkhjmldn/training/node_app/mso/sism/model/letter-in-model.js:66:12) ,  Error: ER_WRONG_FIELD_WITH_GROUP: Expression #15 of SELECT list is not in GROUP BY clause and contains nonaggregated column 'mso_sism.b.sender' which is not functionally dependent on columns in GROUP BY clause; this is incompatible with sql_mode=only_full_group_by on 2020-03-24, 15:04:59 "}
{"level":"error","message":"    at getAll (/Users/kkhjmldn/training/node_app/mso/sism/model/letter-in-model.js:66:12) ,  Error: ER_WRONG_FIELD_WITH_GROUP: Expression #15 of SELECT list is not in GROUP BY clause and contains nonaggregated column 'mso_sism.b.sender' which is not functionally dependent on columns in GROUP BY clause; this is incompatible with sql_mode=only_full_group_by on 2020-03-24, 15:04:59 "}
{"level":"error","message":"    at getAll (/Users/kkhjmldn/training/node_app/mso/sism/model/letter-in-model.js:66:12) ,  Error: ER_WRONG_FIELD_WITH_GROUP: Expression #15 of SELECT list is not in GROUP BY clause and contains nonaggregated column 'mso_sism.b.sender' which is not functionally dependent on columns in GROUP BY clause; this is incompatible with sql_mode=only_full_group_by on 2020-03-24, 15:05:00 "}
{"level":"error","message":"    at getAll (/Users/kkhjmldn/training/node_app/mso/sism/model/letter-in-model.js:66:12) ,  Error: ER_WRONG_FIELD_WITH_GROUP: Expression #15 of SELECT list is not in GROUP BY clause and contains nonaggregated column 'mso_sism.b.sender' which is not functionally dependent on columns in GROUP BY clause; this is incompatible with sql_mode=only_full_group_by on 2020-03-24, 15:05:00 "}
{"level":"error","message":"    at getAll (/Users/kkhjmldn/training/node_app/mso/sism/model/letter-in-model.js:66:12) ,  Error: ER_WRONG_FIELD_WITH_GROUP: Expression #15 of SELECT list is not in GROUP BY clause and contains nonaggregated column 'mso_sism.b.sender' which is not functionally dependent on columns in GROUP BY clause; this is incompatible with sql_mode=only_full_group_by on 2020-03-24, 15:05:00 "}
{"level":"error","message":"    at getAll (/Users/kkhjmldn/training/node_app/mso/sism/model/letter-in-model.js:66:12) ,  Error: ER_WRONG_FIELD_WITH_GROUP: Expression #15 of SELECT list is not in GROUP BY clause and contains nonaggregated column 'mso_sism.b.sender' which is not functionally dependent on columns in GROUP BY clause; this is incompatible with sql_mode=only_full_group_by on 2020-03-24, 15:05:00 "}
{"level":"error","message":"    at Protocol._enqueue (/Users/kkhjmldn/training/node_app/mso/node_modules/mysql/lib/protocol/Protocol.js:144:48) ,  Error: ER_PARSE_ERROR: You have an error in your SQL syntax; check the manual that corresponds to your MySQL server version for the right syntax to use near '.client_code,c.client_name\n                    FROM letter_in  a \n              ' at line 6 on 2020-03-30, 00:24:26 "}
{"level":"error","message":"    at Protocol._enqueue (/Users/kkhjmldn/training/node_app/mso/node_modules/mysql/lib/protocol/Protocol.js:144:48) ,  Error: ER_PARSE_ERROR: You have an error in your SQL syntax; check the manual that corresponds to your MySQL server version for the right syntax to use near '.client_code,c.client_name\n                    FROM letter_in  a \n              ' at line 6 on 2020-03-30, 00:24:26 "}
{"level":"error","message":"    at Protocol._enqueue (/Users/kkhjmldn/training/node_app/mso/node_modules/mysql/lib/protocol/Protocol.js:144:48) ,  Error: ER_PARSE_ERROR: You have an error in your SQL syntax; check the manual that corresponds to your MySQL server version for the right syntax to use near '.client_code,c.client_name\n                    FROM letter_in  a \n              ' at line 6 on 2020-03-30, 00:24:26 "}
{"level":"error","message":"    at Protocol._enqueue (/Users/kkhjmldn/training/node_app/mso/node_modules/mysql/lib/protocol/Protocol.js:144:48) ,  Error: ER_PARSE_ERROR: You have an error in your SQL syntax; check the manual that corresponds to your MySQL server version for the right syntax to use near '.client_code,c.client_name\n                    FROM letter_in  a \n              ' at line 6 on 2020-03-30, 00:24:26 "}
{"level":"error","message":"    at Protocol._enqueue (/Users/kkhjmldn/training/node_app/mso/node_modules/mysql/lib/protocol/Protocol.js:144:48) ,  Error: ER_PARSE_ERROR: You have an error in your SQL syntax; check the manual that corresponds to your MySQL server version for the right syntax to use near '.client_code,c.client_name\n                    FROM letter_in  a \n              ' at line 6 on 2020-03-30, 00:24:26 "}
{"level":"error","message":"    at Protocol._enqueue (/Users/kkhjmldn/training/node_app/mso/node_modules/mysql/lib/protocol/Protocol.js:144:48) ,  Error: ER_PARSE_ERROR: You have an error in your SQL syntax; check the manual that corresponds to your MySQL server version for the right syntax to use near '.client_code,c.client_name\n                    FROM letter_in  a \n              ' at line 6 on 2020-03-30, 00:24:26 "}
{"level":"error","message":"    at Protocol._enqueue (/Users/kkhjmldn/training/node_app/mso/node_modules/mysql/lib/protocol/Protocol.js:144:48) ,  Error: ER_PARSE_ERROR: You have an error in your SQL syntax; check the manual that corresponds to your MySQL server version for the right syntax to use near '.client_code,c.client_name\n                    FROM letter_in  a \n              ' at line 6 on 2020-03-30, 00:24:27 "}
{"level":"error","message":"    at getAll (/Users/kkhjmldn/training/node_app/mso/sism/model/letter-in-model.js:68:12) ,  Error: ER_WRONG_FIELD_WITH_GROUP: Expression #7 of SELECT list is not in GROUP BY clause and contains nonaggregated column 'mso_clients.c.client_code' which is not functionally dependent on columns in GROUP BY clause; this is incompatible with sql_mode=only_full_group_by on 2020-03-30, 00:25:21 "}
{"level":"error","message":"    at getAll (/Users/kkhjmldn/training/node_app/mso/sism/model/letter-in-model.js:68:12) ,  Error: ER_WRONG_FIELD_WITH_GROUP: Expression #7 of SELECT list is not in GROUP BY clause and contains nonaggregated column 'mso_clients.c.client_code' which is not functionally dependent on columns in GROUP BY clause; this is incompatible with sql_mode=only_full_group_by on 2020-03-30, 00:25:21 "}
{"level":"error","message":"    at getAll (/Users/kkhjmldn/training/node_app/mso/sism/model/letter-in-model.js:68:12) ,  Error: ER_WRONG_FIELD_WITH_GROUP: Expression #7 of SELECT list is not in GROUP BY clause and contains nonaggregated column 'mso_clients.c.client_code' which is not functionally dependent on columns in GROUP BY clause; this is incompatible with sql_mode=only_full_group_by on 2020-03-30, 00:25:21 "}
{"level":"error","message":"    at getAll (/Users/kkhjmldn/training/node_app/mso/sism/model/letter-in-model.js:68:12) ,  Error: ER_WRONG_FIELD_WITH_GROUP: Expression #7 of SELECT list is not in GROUP BY clause and contains nonaggregated column 'mso_clients.c.client_code' which is not functionally dependent on columns in GROUP BY clause; this is incompatible with sql_mode=only_full_group_by on 2020-03-30, 00:25:21 "}
{"level":"error","message":"    at getAll (/Users/kkhjmldn/training/node_app/mso/sism/model/letter-in-model.js:68:12) ,  Error: ER_WRONG_FIELD_WITH_GROUP: Expression #7 of SELECT list is not in GROUP BY clause and contains nonaggregated column 'mso_clients.c.client_code' which is not functionally dependent on columns in GROUP BY clause; this is incompatible with sql_mode=only_full_group_by on 2020-03-30, 00:25:21 "}
{"level":"error","message":"    at getAll (/Users/kkhjmldn/training/node_app/mso/sism/model/letter-in-model.js:68:12) ,  Error: ER_WRONG_FIELD_WITH_GROUP: Expression #7 of SELECT list is not in GROUP BY clause and contains nonaggregated column 'mso_clients.c.client_code' which is not functionally dependent on columns in GROUP BY clause; this is incompatible with sql_mode=only_full_group_by on 2020-03-30, 00:25:21 "}
{"level":"error","message":"    at getAll (/Users/kkhjmldn/training/node_app/mso/sism/model/letter-in-model.js:68:12) ,  Error: ER_WRONG_FIELD_WITH_GROUP: Expression #7 of SELECT list is not in GROUP BY clause and contains nonaggregated column 'mso_clients.c.client_code' which is not functionally dependent on columns in GROUP BY clause; this is incompatible with sql_mode=only_full_group_by on 2020-03-30, 00:25:21 "}
{"level":"error","message":"undefined ,  ReferenceError: filter_handled is not defined on 2020-04-05, 21:47:40 "}
{"level":"error","message":"undefined ,  ReferenceError: filter_handled is not defined on 2020-04-05, 21:48:00 "}
{"level":"error","message":"undefined ,  ReferenceError: filter_handled is not defined on 2020-04-05, 21:49:30 "}
{"level":"error","message":"undefined ,  ReferenceError: filter_handled is not defined on 2020-04-05, 21:49:51 "}
{"level":"error","message":"undefined ,  ReferenceError: filter_handled is not defined on 2020-04-05, 21:49:51 "}
{"level":"error","message":"undefined ,  ReferenceError: filter_handled is not defined on 2020-04-05, 21:49:51 "}
{"level":"error","message":"    at Object.approval (/Users/kkhjmldn/training/node_app/mso/control/model/notification-model.js:369:16) ,  Error: ER_BAD_NULL_ERROR: Column 'module_id' cannot be null on 2020-04-05, 22:22:10 "}
{"level":"error","message":"    at Object.approval (/Users/kkhjmldn/training/node_app/mso/control/model/notification-model.js:369:16) ,  Error: ER_BAD_NULL_ERROR: Column 'module_id' cannot be null on 2020-04-07, 12:50:35 "}
{"level":"error","message":"    at Object.approval (/Users/kkhjmldn/training/node_app/mso/control/model/notification-model.js:369:16) ,  Error: ER_BAD_NULL_ERROR: Column 'module_id' cannot be null on 2020-04-07, 12:50:35 "}
{"level":"error","message":"    at Object.approval (/Users/kkhjmldn/training/node_app/mso/control/model/notification-model.js:369:16) ,  Error: ER_BAD_NULL_ERROR: Column 'module_id' cannot be null on 2020-04-07, 12:50:35 "}
{"level":"error","message":"    at Object.create (/Users/kkhjmldn/training/node_app/mso/sism/model/letter-out-recipient-model.js:70:20) ,  Error: ER_BAD_NULL_ERROR: Column 'letter_out_id' cannot be null on 2020-04-10, 07:43:22 "}
{"level":"error","message":"    at Object.create (/Users/kkhjmldn/training/node_app/mso/sism/model/letter-out-recipient-model.js:70:20) ,  Error: ER_BAD_NULL_ERROR: Column 'letter_out_id' cannot be null on 2020-04-10, 07:43:22 "}
{"level":"error","message":"    at totalAll (/Users/kkhjmldn/training/node_app/mso/sism/model/letter-in-model.js:158:12) ,  Error: ER_BAD_FIELD_ERROR: Unknown column 'tag' in 'where clause' on 2020-04-10, 10:32:12 "}
{"level":"error","message":"    at getAll (/Users/kkhjmldn/training/node_app/mso/sism/model/letter-in-model.js:77:12) ,  Error: ER_BAD_FIELD_ERROR: Unknown column 'tag' in 'where clause' on 2020-04-10, 10:32:12 "}
{"level":"error","message":"    at totalAll (/Users/kkhjmldn/training/node_app/mso/sism/model/letter-in-model.js:158:12) ,  Error: ER_BAD_FIELD_ERROR: Unknown column 'tag' in 'where clause' on 2020-04-10, 10:32:13 "}
{"level":"error","message":"    at getAll (/Users/kkhjmldn/training/node_app/mso/sism/model/letter-in-model.js:77:12) ,  Error: ER_BAD_FIELD_ERROR: Unknown column 'tag' in 'where clause' on 2020-04-10, 10:32:13 "}
{"level":"error","message":"    at getAll (/Users/kkhjmldn/training/node_app/mso/sism/model/letter-in-model.js:77:12) ,  Error: ER_BAD_FIELD_ERROR: Unknown column 'tag' in 'where clause' on 2020-04-10, 10:32:13 "}
{"level":"error","message":"    at totalAll (/Users/kkhjmldn/training/node_app/mso/sism/model/letter-in-model.js:158:12) ,  Error: ER_BAD_FIELD_ERROR: Unknown column 'tag' in 'where clause' on 2020-04-10, 10:32:13 "}
{"level":"error","message":"    at getAll (/Users/kkhjmldn/training/node_app/mso/sism/model/letter-in-model.js:77:12) ,  Error: ER_BAD_FIELD_ERROR: Unknown column 'tag' in 'where clause' on 2020-04-10, 10:32:13 "}
{"level":"error","message":"    at totalAll (/Users/kkhjmldn/training/node_app/mso/sism/model/letter-in-model.js:158:12) ,  Error: ER_BAD_FIELD_ERROR: Unknown column 'tag' in 'where clause' on 2020-04-10, 10:32:13 "}
{"level":"error","message":"    at totalAll (/Users/kkhjmldn/training/node_app/mso/sism/model/letter-in-model.js:158:12) ,  Error: ER_BAD_FIELD_ERROR: Unknown column 'tag' in 'where clause' on 2020-04-10, 10:32:13 "}
{"level":"error","message":"    at getAll (/Users/kkhjmldn/training/node_app/mso/sism/model/letter-in-model.js:77:12) ,  Error: ER_BAD_FIELD_ERROR: Unknown column 'tag' in 'where clause' on 2020-04-10, 10:32:13 "}
{"level":"error","message":"    at getAll (/Users/kkhjmldn/training/node_app/mso/sism/model/letter-in-model.js:77:12) ,  Error: ER_BAD_FIELD_ERROR: Unknown column 'tag' in 'where clause' on 2020-04-10, 10:32:14 "}
{"level":"error","message":"    at totalAll (/Users/kkhjmldn/training/node_app/mso/sism/model/letter-in-model.js:158:12) ,  Error: ER_BAD_FIELD_ERROR: Unknown column 'tag' in 'where clause' on 2020-04-10, 10:32:14 "}
{"level":"error","message":"    at totalAll (/Users/kkhjmldn/training/node_app/mso/sism/model/letter-in-model.js:158:12) ,  Error: ER_BAD_FIELD_ERROR: Unknown column 'tag' in 'where clause' on 2020-04-10, 10:32:14 "}
{"level":"error","message":"    at getAll (/Users/kkhjmldn/training/node_app/mso/sism/model/letter-in-model.js:77:12) ,  Error: ER_BAD_FIELD_ERROR: Unknown column 'tag' in 'where clause' on 2020-04-10, 10:32:14 "}
{"level":"error","message":"    at totalAll (/Users/kkhjmldn/training/node_app/mso/sism/model/letter-in-model.js:158:12) ,  Error: ER_BAD_FIELD_ERROR: Unknown column 'tag' in 'where clause' on 2020-04-10, 10:32:20 "}
{"level":"error","message":"    at getAll (/Users/kkhjmldn/training/node_app/mso/sism/model/letter-in-model.js:77:12) ,  Error: ER_BAD_FIELD_ERROR: Unknown column 'tag' in 'where clause' on 2020-04-10, 10:32:20 "}
{"level":"error","message":"    at totalAll (/Users/kkhjmldn/training/node_app/mso/sism/model/letter-in-model.js:158:12) ,  Error: ER_BAD_FIELD_ERROR: Unknown column 'tag' in 'where clause' on 2020-04-10, 10:32:20 "}
{"level":"error","message":"    at getAll (/Users/kkhjmldn/training/node_app/mso/sism/model/letter-in-model.js:77:12) ,  Error: ER_BAD_FIELD_ERROR: Unknown column 'tag' in 'where clause' on 2020-04-10, 10:32:20 "}
{"level":"error","message":"    at totalAll (/Users/kkhjmldn/training/node_app/mso/sism/model/letter-in-model.js:158:12) ,  Error: ER_BAD_FIELD_ERROR: Unknown column 'tag' in 'where clause' on 2020-04-10, 10:32:21 "}
{"level":"error","message":"    at getAll (/Users/kkhjmldn/training/node_app/mso/sism/model/letter-in-model.js:77:12) ,  Error: ER_BAD_FIELD_ERROR: Unknown column 'tag' in 'where clause' on 2020-04-10, 10:32:21 "}
{"level":"error","message":"    at totalAll (/Users/kkhjmldn/training/node_app/mso/sism/model/letter-in-model.js:158:12) ,  Error: ER_BAD_FIELD_ERROR: Unknown column 'tag' in 'where clause' on 2020-04-10, 10:32:21 "}
{"level":"error","message":"    at getAll (/Users/kkhjmldn/training/node_app/mso/sism/model/letter-in-model.js:77:12) ,  Error: ER_BAD_FIELD_ERROR: Unknown column 'tag' in 'where clause' on 2020-04-10, 10:32:21 "}
{"level":"error","message":"    at totalAll (/Users/kkhjmldn/training/node_app/mso/sism/model/letter-in-model.js:158:12) ,  Error: ER_BAD_FIELD_ERROR: Unknown column 'tag' in 'where clause' on 2020-04-10, 10:32:21 "}
{"level":"error","message":"    at getAll (/Users/kkhjmldn/training/node_app/mso/sism/model/letter-in-model.js:77:12) ,  Error: ER_BAD_FIELD_ERROR: Unknown column 'tag' in 'where clause' on 2020-04-10, 10:32:21 "}
{"level":"error","message":"    at totalAll (/Users/kkhjmldn/training/node_app/mso/sism/model/letter-in-model.js:158:12) ,  Error: ER_BAD_FIELD_ERROR: Unknown column 'tag' in 'where clause' on 2020-04-10, 10:32:21 "}
{"level":"error","message":"    at getAll (/Users/kkhjmldn/training/node_app/mso/sism/model/letter-in-model.js:77:12) ,  Error: ER_BAD_FIELD_ERROR: Unknown column 'tag' in 'where clause' on 2020-04-10, 10:32:21 "}
{"level":"error","message":"    at totalAll (/Users/kkhjmldn/training/node_app/mso/sism/model/letter-in-model.js:158:12) ,  Error: ER_BAD_FIELD_ERROR: Unknown column 'tag' in 'where clause' on 2020-04-10, 10:32:21 "}
{"level":"error","message":"    at getAll (/Users/kkhjmldn/training/node_app/mso/sism/model/letter-in-model.js:77:12) ,  Error: ER_BAD_FIELD_ERROR: Unknown column 'tag' in 'where clause' on 2020-04-10, 10:32:21 "}
{"level":"error","message":"    at totalAll (/Users/kkhjmldn/training/node_app/mso/sism/model/letter-in-model.js:158:12) ,  Error: ER_BAD_FIELD_ERROR: Unknown column 'tag' in 'where clause' on 2020-04-10, 10:32:22 "}
{"level":"error","message":"    at getAll (/Users/kkhjmldn/training/node_app/mso/sism/model/letter-in-model.js:77:12) ,  Error: ER_BAD_FIELD_ERROR: Unknown column 'tag' in 'where clause' on 2020-04-10, 10:32:22 "}
{"level":"error","message":"    at totalAll (/Users/kkhjmldn/training/node_app/mso/sism/model/letter-in-model.js:158:12) ,  Error: ER_BAD_FIELD_ERROR: Unknown column 'tag' in 'where clause' on 2020-04-10, 10:32:22 "}
{"level":"error","message":"    at getAll (/Users/kkhjmldn/training/node_app/mso/sism/model/letter-in-model.js:77:12) ,  Error: ER_BAD_FIELD_ERROR: Unknown column 'tag' in 'where clause' on 2020-04-10, 10:32:22 "}
{"level":"error","message":"    at totalAll (/Users/kkhjmldn/training/node_app/mso/sism/model/letter-in-model.js:158:12) ,  Error: ER_BAD_FIELD_ERROR: Unknown column 'tag' in 'where clause' on 2020-04-10, 10:32:22 "}
{"level":"error","message":"    at getAll (/Users/kkhjmldn/training/node_app/mso/sism/model/letter-in-model.js:77:12) ,  Error: ER_BAD_FIELD_ERROR: Unknown column 'tag' in 'where clause' on 2020-04-10, 10:32:22 "}
{"level":"error","message":"    at totalAll (/Users/kkhjmldn/training/node_app/mso/sism/model/letter-in-model.js:158:12) ,  Error: ER_BAD_FIELD_ERROR: Unknown column 'tag' in 'where clause' on 2020-04-10, 10:32:22 "}
{"level":"error","message":"    at getAll (/Users/kkhjmldn/training/node_app/mso/sism/model/letter-in-model.js:77:12) ,  Error: ER_BAD_FIELD_ERROR: Unknown column 'tag' in 'where clause' on 2020-04-10, 10:32:22 "}
{"level":"error","message":"    at totalAll (/Users/kkhjmldn/training/node_app/mso/sism/model/letter-in-model.js:158:12) ,  Error: ER_BAD_FIELD_ERROR: Unknown column 'tag' in 'where clause' on 2020-04-10, 10:32:23 "}
{"level":"error","message":"    at getAll (/Users/kkhjmldn/training/node_app/mso/sism/model/letter-in-model.js:77:12) ,  Error: ER_BAD_FIELD_ERROR: Unknown column 'tag' in 'where clause' on 2020-04-10, 10:32:23 "}
{"level":"error","message":"    at totalAll (/Users/kkhjmldn/training/node_app/mso/sism/model/letter-in-model.js:158:12) ,  Error: ER_BAD_FIELD_ERROR: Unknown column 'tag' in 'where clause' on 2020-04-10, 10:32:30 "}
{"level":"error","message":"    at getAll (/Users/kkhjmldn/training/node_app/mso/sism/model/letter-in-model.js:77:12) ,  Error: ER_BAD_FIELD_ERROR: Unknown column 'tag' in 'where clause' on 2020-04-10, 10:32:30 "}
{"level":"error","message":"    at totalAll (/Users/kkhjmldn/training/node_app/mso/sism/model/letter-in-model.js:158:12) ,  Error: ER_BAD_FIELD_ERROR: Unknown column 'tag' in 'where clause' on 2020-04-10, 10:32:31 "}
{"level":"error","message":"    at getAll (/Users/kkhjmldn/training/node_app/mso/sism/model/letter-in-model.js:77:12) ,  Error: ER_BAD_FIELD_ERROR: Unknown column 'tag' in 'where clause' on 2020-04-10, 10:32:31 "}
{"level":"error","message":"    at Object.approval (/Users/kkhjmldn/training/node_app/mso/control/model/notification-model.js:369:16) ,  Error: ER_BAD_NULL_ERROR: Column 'to_user_id' cannot be null on 2020-04-12, 13:29:28 "}
{"level":"error","message":"    at Object.approval (/Users/kkhjmldn/training/node_app/mso/control/model/notification-model.js:369:16) ,  Error: ER_BAD_NULL_ERROR: Column 'to_user_id' cannot be null on 2020-04-12, 13:32:47 "}
{"level":"error","message":"    at Object.approval (/Users/kkhjmldn/training/node_app/mso/control/model/notification-model.js:369:16) ,  Error: ER_BAD_NULL_ERROR: Column 'to_user_id' cannot be null on 2020-04-12, 13:33:47 "}
{"level":"error","message":"    at Object.approval (/Users/kkhjmldn/training/node_app/mso/control/model/notification-model.js:369:16) ,  Error: ER_BAD_NULL_ERROR: Column 'to_user_id' cannot be null on 2020-04-14, 13:08:50 "}
{"level":"error","message":"    at Object.approval (/Users/kkhjmldn/training/node_app/mso/control/model/notification-model.js:369:16) ,  Error: ER_BAD_NULL_ERROR: Column 'to_user_id' cannot be null on 2020-04-14, 13:09:31 "}
{"level":"error","message":"    at Object.approval (/Users/kkhjmldn/training/node_app/mso/control/model/notification-model.js:369:16) ,  Error: ER_BAD_NULL_ERROR: Column 'to_user_id' cannot be null on 2020-04-14, 13:10:10 "}
{"level":"error","message":"    at Object.approval (/Users/kkhjmldn/training/node_app/mso/control/model/notification-model.js:369:16) ,  Error: ER_BAD_NULL_ERROR: Column 'to_user_id' cannot be null on 2020-04-16, 21:08:57 "}
{"level":"error","message":"undefined ,  Error: Cannot enqueue Query after fatal error. on 2020-04-17, 18:31:17 "}
{"level":"error","message":"undefined ,  Error: Cannot enqueue Query after fatal error. on 2020-04-17, 18:31:17 "}
{"level":"error","message":"undefined ,  Error: Cannot enqueue Query after fatal error. on 2020-04-17, 18:31:22 "}
{"level":"error","message":"undefined ,  Error: Cannot enqueue Query after fatal error. on 2020-04-17, 18:31:22 "}
